# JRE version: OpenJDK Runtime Environment (17.0.6) (build 17.0.6+0-b2043.56-9586694)
# Java VM: OpenJDK 64-Bit Server VM (17.0.6+0-b2043.56-9586694, mixed mode, tiered, compressed oops, compressed class ptrs, g1 gc, windows-amd64)
GC Precious Log:
 CPUs: 2 total, 2 available
 Memory: 11723M
 Large Page Support: Disabled
 NUMA Support: Disabled
 Compressed Oops: Enabled (32-bit)
 Heap Region Size: 1M
 Heap Min Capacity: 8M
 Heap Initial Capacity: 184M
 Heap Max Capacity: 2G
 Pre-touch: Disabled
 Parallel Workers: 2
 Concurrent Workers: 1
 Concurrent Refinement Workers: 2
 Periodic GC: Disabled
Heap:
 garbage-first heap   total 322560K, used 218624K [0x0000000080000000, 0x0000000100000000)
  region size 1024K, 4 young (4096K), 3 survivors (3072K)
 Metaspace       used 111176K, committed 112000K, reserved 1146880K
  class space    used 14782K, committed 15168K, reserved 1048576K
GC Heap History (20 events):
Event: 60.119 GC heap before
{Heap before GC invocations=34 (full 0):
 garbage-first heap   total 262144K, used 222706K [0x0000000080000000, 0x0000000100000000)
  region size 1024K, 135 young (138240K), 18 survivors (18432K)
 Metaspace       used 90994K, committed 91712K, reserved 1130496K
  class space    used 12196K, committed 12544K, reserved 1048576K
}
Event: 60.270 GC heap after
{Heap after GC invocations=35 (full 0):
 garbage-first heap   total 268288K, used 103709K [0x0000000080000000, 0x0000000100000000)
  region size 1024K, 17 young (17408K), 17 survivors (17408K)
 Metaspace       used 90994K, committed 91712K, reserved 1130496K
  class space    used 12196K, committed 12544K, reserved 1048576K
}
Event: 65.150 GC heap before
{Heap before GC invocations=35 (full 0):
 garbage-first heap   total 268288K, used 196893K [0x0000000080000000, 0x0000000100000000)
  region size 1024K, 109 young (111616K), 17 survivors (17408K)
 Metaspace       used 94717K, committed 95424K, reserved 1138688K
  class space    used 12498K, committed 12800K, reserved 1048576K
}
Event: 65.221 GC heap after
{Heap after GC invocations=36 (full 0):
 garbage-first heap   total 268288K, used 108032K [0x0000000080000000, 0x0000000100000000)
  region size 1024K, 4 young (4096K), 4 survivors (4096K)
 Metaspace       used 94717K, committed 95424K, reserved 1138688K
  class space    used 12498K, committed 12800K, reserved 1048576K
}
Event: 77.921 GC heap before
{Heap before GC invocations=36 (full 0):
 garbage-first heap   total 268288K, used 204288K [0x0000000080000000, 0x0000000100000000)
  region size 1024K, 99 young (101376K), 4 survivors (4096K)
 Metaspace       used 101894K, committed 102528K, reserved 1138688K
  class space    used 13407K, committed 13696K, reserved 1048576K
}
Event: 77.956 GC heap after
{Heap after GC invocations=37 (full 0):
 garbage-first heap   total 268288K, used 111616K [0x0000000080000000, 0x0000000100000000)
  region size 1024K, 8 young (8192K), 8 survivors (8192K)
 Metaspace       used 101894K, committed 102528K, reserved 1138688K
  class space    used 13407K, committed 13696K, reserved 1048576K
}
Event: 84.792 GC heap before
{Heap before GC invocations=37 (full 0):
 garbage-first heap   total 268288K, used 207872K [0x0000000080000000, 0x0000000100000000)
  region size 1024K, 103 young (105472K), 8 survivors (8192K)
 Metaspace       used 104122K, committed 104896K, reserved 1146880K
  class space    used 13681K, committed 14080K, reserved 1048576K
}
Event: 84.880 GC heap after
{Heap after GC invocations=38 (full 0):
 garbage-first heap   total 268288K, used 120689K [0x0000000080000000, 0x0000000100000000)
  region size 1024K, 13 young (13312K), 13 survivors (13312K)
 Metaspace       used 104122K, committed 104896K, reserved 1146880K
  class space    used 13681K, committed 14080K, reserved 1048576K
}
Event: 93.780 GC heap before
{Heap before GC invocations=38 (full 0):
 garbage-first heap   total 268288K, used 235377K [0x0000000080000000, 0x0000000100000000)
  region size 1024K, 89 young (91136K), 13 survivors (13312K)
 Metaspace       used 107714K, committed 108544K, reserved 1146880K
  class space    used 14187K, committed 14592K, reserved 1048576K
}
Event: 93.822 GC heap after
{Heap after GC invocations=39 (full 0):
 garbage-first heap   total 268288K, used 149843K [0x0000000080000000, 0x0000000100000000)
  region size 1024K, 9 young (9216K), 9 survivors (9216K)
 Metaspace       used 107714K, committed 108544K, reserved 1146880K
  class space    used 14187K, committed 14592K, reserved 1048576K
}
Event: 99.140 GC heap before
{Heap before GC invocations=39 (full 0):
 garbage-first heap   total 268288K, used 221523K [0x0000000080000000, 0x0000000100000000)
  region size 1024K, 75 young (76800K), 9 survivors (9216K)
 Metaspace       used 110558K, committed 111296K, reserved 1146880K
  class space    used 14720K, committed 15104K, reserved 1048576K
}
Event: 99.305 GC heap after
{Heap after GC invocations=40 (full 0):
 garbage-first heap   total 268288K, used 172544K [0x0000000080000000, 0x0000000100000000)
  region size 1024K, 10 young (10240K), 10 survivors (10240K)
 Metaspace       used 110558K, committed 111296K, reserved 1146880K
  class space    used 14720K, committed 15104K, reserved 1048576K
}
Event: 101.279 GC heap before
{Heap before GC invocations=40 (full 0):
 garbage-first heap   total 268288K, used 213504K [0x0000000080000000, 0x0000000100000000)
  region size 1024K, 50 young (51200K), 10 survivors (10240K)
 Metaspace       used 110682K, committed 111424K, reserved 1146880K
  class space    used 14728K, committed 15104K, reserved 1048576K
}
Event: 101.520 GC heap after
{Heap after GC invocations=41 (full 0):
 garbage-first heap   total 268288K, used 191488K [0x0000000080000000, 0x0000000100000000)
  region size 1024K, 7 young (7168K), 7 survivors (7168K)
 Metaspace       used 110682K, committed 111424K, reserved 1146880K
  class space    used 14728K, committed 15104K, reserved 1048576K
}
Event: 102.571 GC heap before
{Heap before GC invocations=41 (full 0):
 garbage-first heap   total 268288K, used 216064K [0x0000000080000000, 0x0000000100000000)
  region size 1024K, 32 young (32768K), 7 survivors (7168K)
 Metaspace       used 110699K, committed 111424K, reserved 1146880K
  class space    used 14729K, committed 15104K, reserved 1048576K
}
Event: 102.721 GC heap after
{Heap after GC invocations=42 (full 0):
 garbage-first heap   total 268288K, used 203264K [0x0000000080000000, 0x0000000100000000)
  region size 1024K, 4 young (4096K), 4 survivors (4096K)
 Metaspace       used 110699K, committed 111424K, reserved 1146880K
  class space    used 14729K, committed 15104K, reserved 1048576K
}
Event: 103.433 GC heap before
{Heap before GC invocations=42 (full 0):
 garbage-first heap   total 268288K, used 221696K [0x0000000080000000, 0x0000000100000000)
  region size 1024K, 22 young (22528K), 4 survivors (4096K)
 Metaspace       used 110706K, committed 111424K, reserved 1146880K
  class space    used 14729K, committed 15104K, reserved 1048576K
}
Event: 103.555 GC heap after
{Heap after GC invocations=43 (full 0):
 garbage-first heap   total 322560K, used 212480K [0x0000000080000000, 0x0000000100000000)
  region size 1024K, 3 young (3072K), 3 survivors (3072K)
 Metaspace       used 110706K, committed 111424K, reserved 1146880K
  class space    used 14729K, committed 15104K, reserved 1048576K
}
Event: 104.286 GC heap before
{Heap before GC invocations=43 (full 0):
 garbage-first heap   total 322560K, used 228864K [0x0000000080000000, 0x0000000100000000)
  region size 1024K, 21 young (21504K), 3 survivors (3072K)
 Metaspace       used 111164K, committed 111936K, reserved 1146880K
  class space    used 14781K, committed 15168K, reserved 1048576K
}
Event: 104.391 GC heap after
{Heap after GC invocations=44 (full 0):
 garbage-first heap   total 322560K, used 218624K [0x0000000080000000, 0x0000000100000000)
  region size 1024K, 3 young (3072K), 3 survivors (3072K)
 Metaspace       used 111164K, committed 111936K, reserved 1146880K
  class space    used 14781K, committed 15168K, reserved 1048576K
}

