# JRE version: OpenJDK Runtime Environment (17.0.6) (build 17.0.6+0-b2043.56-9586694)
# Java VM: OpenJDK 64-Bit Server VM (17.0.6+0-b2043.56-9586694, mixed mode, tiered, compressed oops, compressed class ptrs, g1 gc, windows-amd64)
GC Precious Log:
 CPUs: 2 total, 2 available
 Memory: 11723M
 Large Page Support: Disabled
 NUMA Support: Disabled
 Compressed Oops: Enabled (32-bit)
 Heap Region Size: 1M
 Heap Min Capacity: 8M
 Heap Initial Capacity: 184M
 Heap Max Capacity: 2G
 Pre-touch: Disabled
 Parallel Workers: 2
 Concurrent Workers: 1
 Concurrent Refinement Workers: 2
 Periodic GC: Disabled
Heap:
 garbage-first heap   total 301056K, used 123843K [0x0000000080000000, 0x0000000100000000)
  region size 1024K, 7 young (7168K), 3 survivors (3072K)
 Metaspace       used 94755K, committed 95360K, reserved 1138688K
  class space    used 12825K, committed 13120K, reserved 1048576K
GC Heap History (20 events):
Event: 43.174 GC heap before
{Heap before GC invocations=27 (full 0):
 garbage-first heap   total 117760K, used 96256K [0x0000000080000000, 0x0000000100000000)
  region size 1024K, 36 young (36864K), 5 survivors (5120K)
 Metaspace       used 82039K, committed 82624K, reserved 1122304K
  class space    used 11125K, committed 11392K, reserved 1048576K
}
Event: 43.216 GC heap after
{Heap after GC invocations=28 (full 0):
 garbage-first heap   total 117760K, used 69455K [0x0000000080000000, 0x0000000100000000)
  region size 1024K, 5 young (5120K), 5 survivors (5120K)
 Metaspace       used 82039K, committed 82624K, reserved 1122304K
  class space    used 11125K, committed 11392K, reserved 1048576K
}
Event: 43.256 GC heap before
{Heap before GC invocations=28 (full 0):
 garbage-first heap   total 117760K, used 70479K [0x0000000080000000, 0x0000000100000000)
  region size 1024K, 6 young (6144K), 5 survivors (5120K)
 Metaspace       used 82040K, committed 82624K, reserved 1122304K
  class space    used 11125K, committed 11392K, reserved 1048576K
}
Event: 43.286 GC heap after
{Heap after GC invocations=29 (full 0):
 garbage-first heap   total 141312K, used 69942K [0x0000000080000000, 0x0000000100000000)
  region size 1024K, 1 young (1024K), 1 survivors (1024K)
 Metaspace       used 82040K, committed 82624K, reserved 1122304K
  class space    used 11125K, committed 11392K, reserved 1048576K
}
Event: 46.527 GC heap before
{Heap before GC invocations=29 (full 0):
 garbage-first heap   total 141312K, used 111926K [0x0000000080000000, 0x0000000100000000)
  region size 1024K, 43 young (44032K), 1 survivors (1024K)
 Metaspace       used 84378K, committed 85056K, reserved 1130496K
  class space    used 11540K, committed 11840K, reserved 1048576K
}
Event: 46.550 GC heap after
{Heap after GC invocations=30 (full 0):
 garbage-first heap   total 141312K, used 73886K [0x0000000080000000, 0x0000000100000000)
  region size 1024K, 5 young (5120K), 5 survivors (5120K)
 Metaspace       used 84378K, committed 85056K, reserved 1130496K
  class space    used 11540K, committed 11840K, reserved 1048576K
}
Event: 49.795 GC heap before
{Heap before GC invocations=31 (full 0):
 garbage-first heap   total 141312K, used 112798K [0x0000000080000000, 0x0000000100000000)
  region size 1024K, 44 young (45056K), 5 survivors (5120K)
 Metaspace       used 84920K, committed 85504K, reserved 1130496K
  class space    used 11576K, committed 11840K, reserved 1048576K
}
Event: 49.824 GC heap after
{Heap after GC invocations=32 (full 0):
 garbage-first heap   total 141312K, used 77161K [0x0000000080000000, 0x0000000100000000)
  region size 1024K, 4 young (4096K), 4 survivors (4096K)
 Metaspace       used 84920K, committed 85504K, reserved 1130496K
  class space    used 11576K, committed 11840K, reserved 1048576K
}
Event: 49.923 GC heap before
{Heap before GC invocations=32 (full 0):
 garbage-first heap   total 141312K, used 79209K [0x0000000080000000, 0x0000000100000000)
  region size 1024K, 6 young (6144K), 4 survivors (4096K)
 Metaspace       used 84935K, committed 85504K, reserved 1130496K
  class space    used 11576K, committed 11840K, reserved 1048576K
}
Event: 49.938 GC heap after
{Heap after GC invocations=33 (full 0):
 garbage-first heap   total 141312K, used 77151K [0x0000000080000000, 0x0000000100000000)
  region size 1024K, 1 young (1024K), 1 survivors (1024K)
 Metaspace       used 84935K, committed 85504K, reserved 1130496K
  class space    used 11576K, committed 11840K, reserved 1048576K
}
Event: 52.363 GC heap before
{Heap before GC invocations=33 (full 0):
 garbage-first heap   total 141312K, used 114015K [0x0000000080000000, 0x0000000100000000)
  region size 1024K, 38 young (38912K), 1 survivors (1024K)
 Metaspace       used 86787K, committed 87424K, reserved 1130496K
  class space    used 11744K, committed 12032K, reserved 1048576K
}
Event: 52.384 GC heap after
{Heap after GC invocations=34 (full 0):
 garbage-first heap   total 141312K, used 79364K [0x0000000080000000, 0x0000000100000000)
  region size 1024K, 3 young (3072K), 3 survivors (3072K)
 Metaspace       used 86787K, committed 87424K, reserved 1130496K
  class space    used 11744K, committed 12032K, reserved 1048576K
}
Event: 54.483 GC heap before
{Heap before GC invocations=35 (full 0):
 garbage-first heap   total 141312K, used 115204K [0x0000000080000000, 0x0000000100000000)
  region size 1024K, 39 young (39936K), 3 survivors (3072K)
 Metaspace       used 89137K, committed 89792K, reserved 1130496K
  class space    used 12062K, committed 12352K, reserved 1048576K
}
Event: 54.506 GC heap after
{Heap after GC invocations=36 (full 0):
 garbage-first heap   total 141312K, used 81783K [0x0000000080000000, 0x0000000100000000)
  region size 1024K, 3 young (3072K), 3 survivors (3072K)
 Metaspace       used 89137K, committed 89792K, reserved 1130496K
  class space    used 12062K, committed 12352K, reserved 1048576K
}
Event: 57.244 GC heap before
{Heap before GC invocations=36 (full 0):
 garbage-first heap   total 141312K, used 119671K [0x0000000080000000, 0x0000000100000000)
  region size 1024K, 37 young (37888K), 3 survivors (3072K)
 Metaspace       used 91166K, committed 91840K, reserved 1130496K
  class space    used 12330K, committed 12608K, reserved 1048576K
}
Event: 57.268 GC heap after
{Heap after GC invocations=37 (full 0):
 garbage-first heap   total 141312K, used 89752K [0x0000000080000000, 0x0000000100000000)
  region size 1024K, 5 young (5120K), 5 survivors (5120K)
 Metaspace       used 91166K, committed 91840K, reserved 1130496K
  class space    used 12330K, committed 12608K, reserved 1048576K
}
Event: 58.542 GC heap before
{Heap before GC invocations=37 (full 0):
 garbage-first heap   total 141312K, used 112280K [0x0000000080000000, 0x0000000100000000)
  region size 1024K, 21 young (21504K), 5 survivors (5120K)
 Metaspace       used 94347K, committed 94976K, reserved 1138688K
  class space    used 12762K, committed 13056K, reserved 1048576K
}
Event: 58.568 GC heap after
{Heap after GC invocations=38 (full 0):
 garbage-first heap   total 141312K, used 103002K [0x0000000080000000, 0x0000000100000000)
  region size 1024K, 5 young (5120K), 5 survivors (5120K)
 Metaspace       used 94347K, committed 94976K, reserved 1138688K
  class space    used 12762K, committed 13056K, reserved 1048576K
}
Event: 58.808 GC heap before
{Heap before GC invocations=38 (full 0):
 garbage-first heap   total 141312K, used 130650K [0x0000000080000000, 0x0000000100000000)
  region size 1024K, 15 young (15360K), 5 survivors (5120K)
 Metaspace       used 94708K, committed 95360K, reserved 1138688K
  class space    used 12820K, committed 13120K, reserved 1048576K
}
Event: 58.820 GC heap after
{Heap after GC invocations=39 (full 0):
 garbage-first heap   total 301056K, used 113603K [0x0000000080000000, 0x0000000100000000)
  region size 1024K, 3 young (3072K), 3 survivors (3072K)
 Metaspace       used 94708K, committed 95360K, reserved 1138688K
  class space    used 12820K, committed 13120K, reserved 1048576K
}

